0 info it worked if it ends with ok
1 verbose cli [ 'node', '/usr/local/bin/npm', 'install', '--save', 'socker.io' ]
2 info using npm@1.4.28
3 info using node@v0.10.33
4 warn package.json express-web-sockets@1.0.0 No description
5 warn package.json express-web-sockets@1.0.0 No repository field.
6 warn package.json express-web-sockets@1.0.0 No README data
7 verbose readDependencies using package.json deps
8 verbose cache add [ 'socker.io', null ]
9 verbose cache add name=undefined spec="socker.io" args=["socker.io",null]
10 verbose parsed url { protocol: null,
10 verbose parsed url   slashes: null,
10 verbose parsed url   auth: null,
10 verbose parsed url   host: null,
10 verbose parsed url   port: null,
10 verbose parsed url   hostname: null,
10 verbose parsed url   hash: null,
10 verbose parsed url   search: null,
10 verbose parsed url   query: null,
10 verbose parsed url   pathname: 'socker.io',
10 verbose parsed url   path: 'socker.io',
10 verbose parsed url   href: 'socker.io' }
11 silly lockFile 29d324d1-socker-io socker.io
12 verbose lock socker.io /Users/212436338/.npm/29d324d1-socker-io.lock
13 silly lockFile 29d324d1-socker-io socker.io
14 silly lockFile 29d324d1-socker-io socker.io
15 verbose addNamed [ 'socker.io', '' ]
16 verbose addNamed [ null, '*' ]
17 silly lockFile 4e9b6b83-socker-io socker.io@
18 verbose lock socker.io@ /Users/212436338/.npm/4e9b6b83-socker-io.lock
19 silly addNameRange { name: 'socker.io', range: '*', hasData: false }
20 verbose request where is /socker.io
21 verbose request registry http://registry.npmjs.org/
22 verbose request id cede269a3d256154
23 verbose url raw /socker.io
24 verbose url resolving [ 'http://registry.npmjs.org/', './socker.io' ]
25 verbose url resolved http://registry.npmjs.org/socker.io
26 verbose request where is http://registry.npmjs.org/socker.io
27 info trying registry request attempt 1 at 14:33:03
28 http GET http://registry.npmjs.org/socker.io
29 http 404 http://registry.npmjs.org/socker.io
30 verbose headers { server: 'CouchDB/1.5.0 (Erlang OTP/R16B03)',
30 verbose headers   'content-type': 'application/json',
30 verbose headers   'cache-control': 'max-age=0',
30 verbose headers   'content-length': '51',
30 verbose headers   'accept-ranges': 'bytes',
30 verbose headers   date: 'Tue, 14 Jul 2015 21:33:05 GMT',
30 verbose headers   via: '1.1 varnish',
30 verbose headers   age: '0',
30 verbose headers   connection: 'keep-alive',
30 verbose headers   'x-served-by': 'cache-sjc3135-SJC',
30 verbose headers   'x-cache': 'MISS',
30 verbose headers   'x-cache-hits': '0',
30 verbose headers   'x-timer': 'S1436909585.231632,VS0,VE87' }
31 silly registry.get cb [ 404,
31 silly registry.get   { server: 'CouchDB/1.5.0 (Erlang OTP/R16B03)',
31 silly registry.get     'content-type': 'application/json',
31 silly registry.get     'cache-control': 'max-age=0',
31 silly registry.get     'content-length': '51',
31 silly registry.get     'accept-ranges': 'bytes',
31 silly registry.get     date: 'Tue, 14 Jul 2015 21:33:05 GMT',
31 silly registry.get     via: '1.1 varnish',
31 silly registry.get     age: '0',
31 silly registry.get     connection: 'keep-alive',
31 silly registry.get     'x-served-by': 'cache-sjc3135-SJC',
31 silly registry.get     'x-cache': 'MISS',
31 silly registry.get     'x-cache-hits': '0',
31 silly registry.get     'x-timer': 'S1436909585.231632,VS0,VE87' } ]
32 silly lockFile 4e9b6b83-socker-io socker.io@
33 silly lockFile 4e9b6b83-socker-io socker.io@
34 error 404 404 Not Found: socker.io
34 error 404
34 error 404 'socker.io' is not in the npm registry.
34 error 404 You should bug the author to publish it
34 error 404 It was specified as a dependency of 'express-web-sockets'
34 error 404
34 error 404 Note that you can also install from a
34 error 404 tarball, folder, or http url, or git url.
35 error System Darwin 13.4.0
36 error command "node" "/usr/local/bin/npm" "install" "--save" "socker.io"
37 error cwd /Users/212436338/Documents/raspberry-pi-realtime-data/raspberry-pi-realtime-data/server
38 error node -v v0.10.33
39 error npm -v 1.4.28
40 error code E404
41 verbose exit [ 1, true ]
